<?xml version="1.0" encoding="UTF-8"?>
<testsuite xmlns:xsi="http://www.w3.org/2001/XMLSchema-instance" xsi:noNamespaceSchemaLocation="https://maven.apache.org/surefire/maven-surefire-plugin/xsd/surefire-test-report.xsd" name="com.blobs.quickstart.AppTest" time="0.04" tests="1" errors="0" skipped="0" failures="0">
  <properties>
    <property name="java.specification.version" value="17"/>
    <property name="sun.cpu.isalist" value="amd64"/>
    <property name="sun.jnu.encoding" value="Cp1252"/>
    <property name="java.class.path" value="C:\Users\sanaraya\blob-quickstart\target\test-classes;C:\Users\sanaraya\blob-quickstart\target\classes;C:\Users\sanaraya\.m2\repository\com\microsoft\azure\azure-storage-blob\11.0.1\azure-storage-blob-11.0.1.jar;C:\Users\sanaraya\.m2\repository\com\azure\azure-storage-blob\12.25.2\azure-storage-blob-12.25.2.jar;C:\Users\sanaraya\.m2\repository\com\azure\azure-core\1.46.0\azure-core-1.46.0.jar;C:\Users\sanaraya\.m2\repository\com\azure\azure-json\1.1.0\azure-json-1.1.0.jar;C:\Users\sanaraya\.m2\repository\com\fasterxml\jackson\core\jackson-annotations\2.13.5\jackson-annotations-2.13.5.jar;C:\Users\sanaraya\.m2\repository\com\fasterxml\jackson\core\jackson-core\2.13.5\jackson-core-2.13.5.jar;C:\Users\sanaraya\.m2\repository\com\fasterxml\jackson\core\jackson-databind\2.13.5\jackson-databind-2.13.5.jar;C:\Users\sanaraya\.m2\repository\com\fasterxml\jackson\datatype\jackson-datatype-jsr310\2.13.5\jackson-datatype-jsr310-2.13.5.jar;C:\Users\sanaraya\.m2\repository\io\projectreactor\reactor-core\3.4.34\reactor-core-3.4.34.jar;C:\Users\sanaraya\.m2\repository\org\reactivestreams\reactive-streams\1.0.4\reactive-streams-1.0.4.jar;C:\Users\sanaraya\.m2\repository\com\azure\azure-core-http-netty\1.14.0\azure-core-http-netty-1.14.0.jar;C:\Users\sanaraya\.m2\repository\io\netty\netty-handler\4.1.101.Final\netty-handler-4.1.101.Final.jar;C:\Users\sanaraya\.m2\repository\io\netty\netty-resolver\4.1.101.Final\netty-resolver-4.1.101.Final.jar;C:\Users\sanaraya\.m2\repository\io\netty\netty-transport\4.1.101.Final\netty-transport-4.1.101.Final.jar;C:\Users\sanaraya\.m2\repository\io\netty\netty-handler-proxy\4.1.101.Final\netty-handler-proxy-4.1.101.Final.jar;C:\Users\sanaraya\.m2\repository\io\netty\netty-codec-socks\4.1.101.Final\netty-codec-socks-4.1.101.Final.jar;C:\Users\sanaraya\.m2\repository\io\netty\netty-buffer\4.1.101.Final\netty-buffer-4.1.101.Final.jar;C:\Users\sanaraya\.m2\repository\io\netty\netty-codec\4.1.101.Final\netty-codec-4.1.101.Final.jar;C:\Users\sanaraya\.m2\repository\io\netty\netty-codec-http\4.1.101.Final\netty-codec-http-4.1.101.Final.jar;C:\Users\sanaraya\.m2\repository\io\netty\netty-codec-http2\4.1.101.Final\netty-codec-http2-4.1.101.Final.jar;C:\Users\sanaraya\.m2\repository\io\netty\netty-transport-native-unix-common\4.1.101.Final\netty-transport-native-unix-common-4.1.101.Final.jar;C:\Users\sanaraya\.m2\repository\io\netty\netty-transport-native-epoll\4.1.101.Final\netty-transport-native-epoll-4.1.101.Final-linux-x86_64.jar;C:\Users\sanaraya\.m2\repository\io\netty\netty-transport-classes-epoll\4.1.101.Final\netty-transport-classes-epoll-4.1.101.Final.jar;C:\Users\sanaraya\.m2\repository\io\netty\netty-transport-native-kqueue\4.1.101.Final\netty-transport-native-kqueue-4.1.101.Final-osx-x86_64.jar;C:\Users\sanaraya\.m2\repository\io\netty\netty-transport-classes-kqueue\4.1.101.Final\netty-transport-classes-kqueue-4.1.101.Final.jar;C:\Users\sanaraya\.m2\repository\io\netty\netty-tcnative-boringssl-static\2.0.62.Final\netty-tcnative-boringssl-static-2.0.62.Final.jar;C:\Users\sanaraya\.m2\repository\io\netty\netty-tcnative-classes\2.0.62.Final\netty-tcnative-classes-2.0.62.Final.jar;C:\Users\sanaraya\.m2\repository\io\netty\netty-tcnative-boringssl-static\2.0.62.Final\netty-tcnative-boringssl-static-2.0.62.Final-linux-x86_64.jar;C:\Users\sanaraya\.m2\repository\io\netty\netty-tcnative-boringssl-static\2.0.62.Final\netty-tcnative-boringssl-static-2.0.62.Final-linux-aarch_64.jar;C:\Users\sanaraya\.m2\repository\io\netty\netty-tcnative-boringssl-static\2.0.62.Final\netty-tcnative-boringssl-static-2.0.62.Final-osx-x86_64.jar;C:\Users\sanaraya\.m2\repository\io\netty\netty-tcnative-boringssl-static\2.0.62.Final\netty-tcnative-boringssl-static-2.0.62.Final-osx-aarch_64.jar;C:\Users\sanaraya\.m2\repository\io\netty\netty-tcnative-boringssl-static\2.0.62.Final\netty-tcnative-boringssl-static-2.0.62.Final-windows-x86_64.jar;C:\Users\sanaraya\.m2\repository\io\projectreactor\netty\reactor-netty-http\1.0.40\reactor-netty-http-1.0.40.jar;C:\Users\sanaraya\.m2\repository\io\netty\netty-resolver-dns\4.1.101.Final\netty-resolver-dns-4.1.101.Final.jar;C:\Users\sanaraya\.m2\repository\io\netty\netty-codec-dns\4.1.101.Final\netty-codec-dns-4.1.101.Final.jar;C:\Users\sanaraya\.m2\repository\io\netty\netty-resolver-dns-native-macos\4.1.101.Final\netty-resolver-dns-native-macos-4.1.101.Final-osx-x86_64.jar;C:\Users\sanaraya\.m2\repository\io\netty\netty-resolver-dns-classes-macos\4.1.101.Final\netty-resolver-dns-classes-macos-4.1.101.Final.jar;C:\Users\sanaraya\.m2\repository\io\projectreactor\netty\reactor-netty-core\1.0.40\reactor-netty-core-1.0.40.jar;C:\Users\sanaraya\.m2\repository\io\netty\netty-common\4.1.101.Final\netty-common-4.1.101.Final.jar;C:\Users\sanaraya\.m2\repository\com\azure\azure-storage-common\12.24.2\azure-storage-common-12.24.2.jar;C:\Users\sanaraya\.m2\repository\com\azure\azure-storage-internal-avro\12.10.2\azure-storage-internal-avro-12.10.2.jar;C:\Users\sanaraya\.m2\repository\com\fasterxml\jackson\dataformat\jackson-dataformat-xml\2.13.5\jackson-dataformat-xml-2.13.5.jar;C:\Users\sanaraya\.m2\repository\org\codehaus\woodstox\stax2-api\4.2.1\stax2-api-4.2.1.jar;C:\Users\sanaraya\.m2\repository\com\fasterxml\woodstox\woodstox-core\6.4.0\woodstox-core-6.4.0.jar;C:\Users\sanaraya\.m2\repository\com\azure\azure-storage-fastpath\1.0.0-beta.6\azure-storage-fastpath-1.0.0-beta.6.jar;C:\Users\sanaraya\.m2\repository\org\codehaus\jackson\jackson-mapper-asl\1.9.13\jackson-mapper-asl-1.9.13.jar;C:\Users\sanaraya\.m2\repository\org\codehaus\jackson\jackson-core-asl\1.9.13\jackson-core-asl-1.9.13.jar;C:\Users\sanaraya\.m2\repository\org\json\json\20210307\json-20210307.jar;C:\Users\sanaraya\.m2\repository\org\apache\httpcomponents\httpclient\4.5.13\httpclient-4.5.13.jar;C:\Users\sanaraya\.m2\repository\org\apache\httpcomponents\httpcore\4.4.13\httpcore-4.4.13.jar;C:\Users\sanaraya\.m2\repository\commons-logging\commons-logging\1.2\commons-logging-1.2.jar;C:\Users\sanaraya\.m2\repository\commons-codec\commons-codec\1.11\commons-codec-1.11.jar;C:\Users\sanaraya\.m2\repository\org\apache\commons\commons-lang3\3.11\commons-lang3-3.11.jar;C:\Users\sanaraya\.m2\repository\org\slf4j\slf4j-api\1.7.21\slf4j-api-1.7.21.jar;C:\Users\sanaraya\.m2\repository\org\assertj\assertj-core\3.12.2\assertj-core-3.12.2.jar;C:\Users\sanaraya\.m2\repository\com\azure\azure-identity\1.12.0-beta.1\azure-identity-1.12.0-beta.1.jar;C:\Users\sanaraya\.m2\repository\com\microsoft\azure\msal4j\1.14.0\msal4j-1.14.0.jar;C:\Users\sanaraya\.m2\repository\com\nimbusds\oauth2-oidc-sdk\10.7.1\oauth2-oidc-sdk-10.7.1.jar;C:\Users\sanaraya\.m2\repository\com\github\stephenc\jcip\jcip-annotations\1.0-1\jcip-annotations-1.0-1.jar;C:\Users\sanaraya\.m2\repository\com\nimbusds\content-type\2.2\content-type-2.2.jar;C:\Users\sanaraya\.m2\repository\com\nimbusds\lang-tag\1.7\lang-tag-1.7.jar;C:\Users\sanaraya\.m2\repository\com\nimbusds\nimbus-jose-jwt\9.30.2\nimbus-jose-jwt-9.30.2.jar;C:\Users\sanaraya\.m2\repository\net\minidev\json-smart\2.4.10\json-smart-2.4.10.jar;C:\Users\sanaraya\.m2\repository\net\minidev\accessors-smart\2.4.9\accessors-smart-2.4.9.jar;C:\Users\sanaraya\.m2\repository\org\ow2\asm\asm\9.3\asm-9.3.jar;C:\Users\sanaraya\.m2\repository\com\microsoft\azure\msal4j-persistence-extension\1.2.0\msal4j-persistence-extension-1.2.0.jar;C:\Users\sanaraya\.m2\repository\net\java\dev\jna\jna\5.13.0\jna-5.13.0.jar;C:\Users\sanaraya\.m2\repository\net\java\dev\jna\jna-platform\5.6.0\jna-platform-5.6.0.jar;C:\Users\sanaraya\.m2\repository\junit\junit\4.11\junit-4.11.jar;C:\Users\sanaraya\.m2\repository\org\hamcrest\hamcrest-core\1.3\hamcrest-core-1.3.jar;"/>
    <property name="java.vm.vendor" value="Eclipse Adoptium"/>
    <property name="sun.arch.data.model" value="64"/>
    <property name="user.variant" value=""/>
    <property name="java.vendor.url" value="https://adoptium.net/"/>
    <property name="user.timezone" value="Asia/Calcutta"/>
    <property name="os.name" value="Windows 11"/>
    <property name="java.vm.specification.version" value="17"/>
    <property name="sun.java.launcher" value="SUN_STANDARD"/>
    <property name="user.country" value="IN"/>
    <property name="sun.boot.library.path" value="C:\Users\sanaraya\AppData\Local\Programs\Eclipse Adoptium\jdk-17.0.10.7-hotspot\bin"/>
    <property name="sun.java.command" value="C:\Users\sanaraya\AppData\Local\Temp\surefire7335332473693568330\surefirebooter2285339140109954117.jar C:\Users\sanaraya\AppData\Local\Temp\surefire7335332473693568330 2024-03-07T20-25-18_931-jvmRun1 surefire904844802851436969tmp surefire_014506608242471932361tmp"/>
    <property name="jdk.debug" value="release"/>
    <property name="surefire.test.class.path" value="C:\Users\sanaraya\blob-quickstart\target\test-classes;C:\Users\sanaraya\blob-quickstart\target\classes;C:\Users\sanaraya\.m2\repository\com\microsoft\azure\azure-storage-blob\11.0.1\azure-storage-blob-11.0.1.jar;C:\Users\sanaraya\.m2\repository\com\azure\azure-storage-blob\12.25.2\azure-storage-blob-12.25.2.jar;C:\Users\sanaraya\.m2\repository\com\azure\azure-core\1.46.0\azure-core-1.46.0.jar;C:\Users\sanaraya\.m2\repository\com\azure\azure-json\1.1.0\azure-json-1.1.0.jar;C:\Users\sanaraya\.m2\repository\com\fasterxml\jackson\core\jackson-annotations\2.13.5\jackson-annotations-2.13.5.jar;C:\Users\sanaraya\.m2\repository\com\fasterxml\jackson\core\jackson-core\2.13.5\jackson-core-2.13.5.jar;C:\Users\sanaraya\.m2\repository\com\fasterxml\jackson\core\jackson-databind\2.13.5\jackson-databind-2.13.5.jar;C:\Users\sanaraya\.m2\repository\com\fasterxml\jackson\datatype\jackson-datatype-jsr310\2.13.5\jackson-datatype-jsr310-2.13.5.jar;C:\Users\sanaraya\.m2\repository\io\projectreactor\reactor-core\3.4.34\reactor-core-3.4.34.jar;C:\Users\sanaraya\.m2\repository\org\reactivestreams\reactive-streams\1.0.4\reactive-streams-1.0.4.jar;C:\Users\sanaraya\.m2\repository\com\azure\azure-core-http-netty\1.14.0\azure-core-http-netty-1.14.0.jar;C:\Users\sanaraya\.m2\repository\io\netty\netty-handler\4.1.101.Final\netty-handler-4.1.101.Final.jar;C:\Users\sanaraya\.m2\repository\io\netty\netty-resolver\4.1.101.Final\netty-resolver-4.1.101.Final.jar;C:\Users\sanaraya\.m2\repository\io\netty\netty-transport\4.1.101.Final\netty-transport-4.1.101.Final.jar;C:\Users\sanaraya\.m2\repository\io\netty\netty-handler-proxy\4.1.101.Final\netty-handler-proxy-4.1.101.Final.jar;C:\Users\sanaraya\.m2\repository\io\netty\netty-codec-socks\4.1.101.Final\netty-codec-socks-4.1.101.Final.jar;C:\Users\sanaraya\.m2\repository\io\netty\netty-buffer\4.1.101.Final\netty-buffer-4.1.101.Final.jar;C:\Users\sanaraya\.m2\repository\io\netty\netty-codec\4.1.101.Final\netty-codec-4.1.101.Final.jar;C:\Users\sanaraya\.m2\repository\io\netty\netty-codec-http\4.1.101.Final\netty-codec-http-4.1.101.Final.jar;C:\Users\sanaraya\.m2\repository\io\netty\netty-codec-http2\4.1.101.Final\netty-codec-http2-4.1.101.Final.jar;C:\Users\sanaraya\.m2\repository\io\netty\netty-transport-native-unix-common\4.1.101.Final\netty-transport-native-unix-common-4.1.101.Final.jar;C:\Users\sanaraya\.m2\repository\io\netty\netty-transport-native-epoll\4.1.101.Final\netty-transport-native-epoll-4.1.101.Final-linux-x86_64.jar;C:\Users\sanaraya\.m2\repository\io\netty\netty-transport-classes-epoll\4.1.101.Final\netty-transport-classes-epoll-4.1.101.Final.jar;C:\Users\sanaraya\.m2\repository\io\netty\netty-transport-native-kqueue\4.1.101.Final\netty-transport-native-kqueue-4.1.101.Final-osx-x86_64.jar;C:\Users\sanaraya\.m2\repository\io\netty\netty-transport-classes-kqueue\4.1.101.Final\netty-transport-classes-kqueue-4.1.101.Final.jar;C:\Users\sanaraya\.m2\repository\io\netty\netty-tcnative-boringssl-static\2.0.62.Final\netty-tcnative-boringssl-static-2.0.62.Final.jar;C:\Users\sanaraya\.m2\repository\io\netty\netty-tcnative-classes\2.0.62.Final\netty-tcnative-classes-2.0.62.Final.jar;C:\Users\sanaraya\.m2\repository\io\netty\netty-tcnative-boringssl-static\2.0.62.Final\netty-tcnative-boringssl-static-2.0.62.Final-linux-x86_64.jar;C:\Users\sanaraya\.m2\repository\io\netty\netty-tcnative-boringssl-static\2.0.62.Final\netty-tcnative-boringssl-static-2.0.62.Final-linux-aarch_64.jar;C:\Users\sanaraya\.m2\repository\io\netty\netty-tcnative-boringssl-static\2.0.62.Final\netty-tcnative-boringssl-static-2.0.62.Final-osx-x86_64.jar;C:\Users\sanaraya\.m2\repository\io\netty\netty-tcnative-boringssl-static\2.0.62.Final\netty-tcnative-boringssl-static-2.0.62.Final-osx-aarch_64.jar;C:\Users\sanaraya\.m2\repository\io\netty\netty-tcnative-boringssl-static\2.0.62.Final\netty-tcnative-boringssl-static-2.0.62.Final-windows-x86_64.jar;C:\Users\sanaraya\.m2\repository\io\projectreactor\netty\reactor-netty-http\1.0.40\reactor-netty-http-1.0.40.jar;C:\Users\sanaraya\.m2\repository\io\netty\netty-resolver-dns\4.1.101.Final\netty-resolver-dns-4.1.101.Final.jar;C:\Users\sanaraya\.m2\repository\io\netty\netty-codec-dns\4.1.101.Final\netty-codec-dns-4.1.101.Final.jar;C:\Users\sanaraya\.m2\repository\io\netty\netty-resolver-dns-native-macos\4.1.101.Final\netty-resolver-dns-native-macos-4.1.101.Final-osx-x86_64.jar;C:\Users\sanaraya\.m2\repository\io\netty\netty-resolver-dns-classes-macos\4.1.101.Final\netty-resolver-dns-classes-macos-4.1.101.Final.jar;C:\Users\sanaraya\.m2\repository\io\projectreactor\netty\reactor-netty-core\1.0.40\reactor-netty-core-1.0.40.jar;C:\Users\sanaraya\.m2\repository\io\netty\netty-common\4.1.101.Final\netty-common-4.1.101.Final.jar;C:\Users\sanaraya\.m2\repository\com\azure\azure-storage-common\12.24.2\azure-storage-common-12.24.2.jar;C:\Users\sanaraya\.m2\repository\com\azure\azure-storage-internal-avro\12.10.2\azure-storage-internal-avro-12.10.2.jar;C:\Users\sanaraya\.m2\repository\com\fasterxml\jackson\dataformat\jackson-dataformat-xml\2.13.5\jackson-dataformat-xml-2.13.5.jar;C:\Users\sanaraya\.m2\repository\org\codehaus\woodstox\stax2-api\4.2.1\stax2-api-4.2.1.jar;C:\Users\sanaraya\.m2\repository\com\fasterxml\woodstox\woodstox-core\6.4.0\woodstox-core-6.4.0.jar;C:\Users\sanaraya\.m2\repository\com\azure\azure-storage-fastpath\1.0.0-beta.6\azure-storage-fastpath-1.0.0-beta.6.jar;C:\Users\sanaraya\.m2\repository\org\codehaus\jackson\jackson-mapper-asl\1.9.13\jackson-mapper-asl-1.9.13.jar;C:\Users\sanaraya\.m2\repository\org\codehaus\jackson\jackson-core-asl\1.9.13\jackson-core-asl-1.9.13.jar;C:\Users\sanaraya\.m2\repository\org\json\json\20210307\json-20210307.jar;C:\Users\sanaraya\.m2\repository\org\apache\httpcomponents\httpclient\4.5.13\httpclient-4.5.13.jar;C:\Users\sanaraya\.m2\repository\org\apache\httpcomponents\httpcore\4.4.13\httpcore-4.4.13.jar;C:\Users\sanaraya\.m2\repository\commons-logging\commons-logging\1.2\commons-logging-1.2.jar;C:\Users\sanaraya\.m2\repository\commons-codec\commons-codec\1.11\commons-codec-1.11.jar;C:\Users\sanaraya\.m2\repository\org\apache\commons\commons-lang3\3.11\commons-lang3-3.11.jar;C:\Users\sanaraya\.m2\repository\org\slf4j\slf4j-api\1.7.21\slf4j-api-1.7.21.jar;C:\Users\sanaraya\.m2\repository\org\assertj\assertj-core\3.12.2\assertj-core-3.12.2.jar;C:\Users\sanaraya\.m2\repository\com\azure\azure-identity\1.12.0-beta.1\azure-identity-1.12.0-beta.1.jar;C:\Users\sanaraya\.m2\repository\com\microsoft\azure\msal4j\1.14.0\msal4j-1.14.0.jar;C:\Users\sanaraya\.m2\repository\com\nimbusds\oauth2-oidc-sdk\10.7.1\oauth2-oidc-sdk-10.7.1.jar;C:\Users\sanaraya\.m2\repository\com\github\stephenc\jcip\jcip-annotations\1.0-1\jcip-annotations-1.0-1.jar;C:\Users\sanaraya\.m2\repository\com\nimbusds\content-type\2.2\content-type-2.2.jar;C:\Users\sanaraya\.m2\repository\com\nimbusds\lang-tag\1.7\lang-tag-1.7.jar;C:\Users\sanaraya\.m2\repository\com\nimbusds\nimbus-jose-jwt\9.30.2\nimbus-jose-jwt-9.30.2.jar;C:\Users\sanaraya\.m2\repository\net\minidev\json-smart\2.4.10\json-smart-2.4.10.jar;C:\Users\sanaraya\.m2\repository\net\minidev\accessors-smart\2.4.9\accessors-smart-2.4.9.jar;C:\Users\sanaraya\.m2\repository\org\ow2\asm\asm\9.3\asm-9.3.jar;C:\Users\sanaraya\.m2\repository\com\microsoft\azure\msal4j-persistence-extension\1.2.0\msal4j-persistence-extension-1.2.0.jar;C:\Users\sanaraya\.m2\repository\net\java\dev\jna\jna\5.13.0\jna-5.13.0.jar;C:\Users\sanaraya\.m2\repository\net\java\dev\jna\jna-platform\5.6.0\jna-platform-5.6.0.jar;C:\Users\sanaraya\.m2\repository\junit\junit\4.11\junit-4.11.jar;C:\Users\sanaraya\.m2\repository\org\hamcrest\hamcrest-core\1.3\hamcrest-core-1.3.jar;"/>
    <property name="sun.cpu.endian" value="little"/>
    <property name="user.home" value="C:\Users\sanaraya"/>
    <property name="user.language" value="en"/>
    <property name="java.specification.vendor" value="Oracle Corporation"/>
    <property name="java.version.date" value="2024-01-16"/>
    <property name="java.home" value="C:\Users\sanaraya\AppData\Local\Programs\Eclipse Adoptium\jdk-17.0.10.7-hotspot"/>
    <property name="file.separator" value="\"/>
    <property name="basedir" value="C:\Users\sanaraya\blob-quickstart"/>
    <property name="java.vm.compressedOopsMode" value="Zero based"/>
    <property name="line.separator" value="&#10;"/>
    <property name="java.vm.specification.vendor" value="Oracle Corporation"/>
    <property name="java.specification.name" value="Java Platform API Specification"/>
    <property name="surefire.real.class.path" value="C:\Users\sanaraya\AppData\Local\Temp\surefire7335332473693568330\surefirebooter2285339140109954117.jar"/>
    <property name="user.script" value=""/>
    <property name="sun.management.compiler" value="HotSpot 64-Bit Tiered Compilers"/>
    <property name="java.runtime.version" value="17.0.10+7"/>
    <property name="user.name" value="sanaraya"/>
    <property name="path.separator" value=";"/>
    <property name="os.version" value="10.0"/>
    <property name="java.runtime.name" value="OpenJDK Runtime Environment"/>
    <property name="file.encoding" value="Cp1252"/>
    <property name="java.vm.name" value="OpenJDK 64-Bit Server VM"/>
    <property name="java.vendor.version" value="Temurin-17.0.10+7"/>
    <property name="localRepository" value="C:\Users\sanaraya\.m2\repository"/>
    <property name="java.vendor.url.bug" value="https://github.com/adoptium/adoptium-support/issues"/>
    <property name="java.io.tmpdir" value="C:\Users\sanaraya\AppData\Local\Temp\"/>
    <property name="java.version" value="17.0.10"/>
    <property name="user.dir" value="C:\Users\sanaraya\blob-quickstart"/>
    <property name="os.arch" value="amd64"/>
    <property name="java.vm.specification.name" value="Java Virtual Machine Specification"/>
    <property name="sun.os.patch.level" value=""/>
    <property name="native.encoding" value="Cp1252"/>
    <property name="java.library.path" value="C:\Users\sanaraya\AppData\Local\Programs\Eclipse Adoptium\jdk-17.0.10.7-hotspot\bin;C:\WINDOWS\Sun\Java\bin;C:\WINDOWS\system32;C:\WINDOWS;C:\Program Files\Eclipse Adoptium\jdk-21.0.2.13-hotspot\bin;C:\Program Files\Microsoft SDKs\Azure\CLI2\wbin;C:\minikube;C:\Program Files\WezTerm;C:\Program Files\dotnet\;C:\Program Files\Microsoft\Azure Functions Core Tools\;C:\Program Files\PowerShell\7\;C:\Users\sanaraya\Downloads\curl-8.6.0_1-win64-mingw\curl-8.6.0_1-win64-mingw\bin;c:\windows\system32;C:\Program Files (x86)\Microsoft SQL Server\160\DTS\Binn\;C:\Program Files\Azure Data Studio\bin;C:\Program Files\nodejs\;C:\ProgramData\chocolatey\bin;C:\Program Files\Docker\Docker\resources\bin;C:\Program Files\Git\cmd;C:\Users\sanaraya\Downloads\apache-maven-3.9.6-bin\apache-maven-3.9.6\bin;C:\Users\sanaraya\AppData\Local\Programs\Eclipse Adoptium\jdk-17.0.10.7-hotspot\bin;C:\Users\sanaraya\AppData\Local\Microsoft\WindowsApps;C:\Users\sanaraya\AppData\Local\Programs\Microsoft VS Code\bin;C:\Users\sanaraya\AppData\Roaming\npm;C:\Users\sanaraya\.dotnet\tools;C:\Users\sanaraya\AppData\Local\Programs\oh-my-posh\bin;c:\minikube;C:\Users\sanaraya\AppData\Local\Programs\Fiddler;C:\Users\sanaraya\Downloads\curl-8.6.0_1-win64-mingw\curl-8.6.0_1-win64-mingw\bin;;C:\Program Files\Azure Data Studio\bin;C:\Users\sanaraya\AppData\Local\Programs\Azure Dev CLI\;."/>
    <property name="java.vm.info" value="mixed mode, sharing"/>
    <property name="java.vendor" value="Eclipse Adoptium"/>
    <property name="java.vm.version" value="17.0.10+7"/>
    <property name="sun.io.unicode.encoding" value="UnicodeLittle"/>
    <property name="java.class.version" value="61.0"/>
  </properties>
  <testcase name="shouldAnswerWithTrue" classname="com.blobs.quickstart.AppTest" time="0.002"/>
</testsuite>